<?xml version="1.0" encoding="UTF-8"?>
<!-- Generated by org.testng.reporters.JUnitReportReporter -->
<testsuite skipped="0" hostname="IBM647-PC09E9A7" name="com.training.sanity.tests.RETC_039_Tests" tests="1" failures="0" timestamp="20 Feb 2019 22:05:02 GMT" time="32.553" errors="0">
  <testcase name="validLoginTest" time="32.553" classname="com.training.sanity.tests.RETC_039_Tests"/>
</testsuite> <!-- com.training.sanity.tests.RETC_039_Tests -->
