<?xml version="1.0" encoding="UTF-8"?>
<!-- Generated by org.testng.reporters.JUnitReportReporter -->
<testsuite skipped="0" hostname="IBM647-PC09E9A7" name="com.training.sanity.tests.RETC_036_Test" tests="1" failures="0" timestamp="24 Feb 2019 07:18:54 GMT" time="25.681" errors="0">
  <testcase name="validLoginTest" time="25.681" classname="com.training.sanity.tests.RETC_036_Test"/>
</testsuite> <!-- com.training.sanity.tests.RETC_036_Test -->
