<?xml version="1.0" encoding="UTF-8"?>
<!-- Generated by org.testng.reporters.JUnitReportReporter -->
<testsuite skipped="0" hostname="IBM647-PC09E9A7" name="com.training.regression.tests.RETC_067_DB_Test" tests="1" failures="0" timestamp="09 Mar 2019 05:25:11 GMT" time="31.297" errors="0">
  <testcase name="VerfiyValuesInDB" time="31.297" classname="com.training.regression.tests.RETC_067_DB_Test"/>
</testsuite> <!-- com.training.regression.tests.RETC_067_DB_Test -->
