<?xml version="1.0" encoding="UTF-8"?>
<!-- Generated by org.testng.reporters.JUnitReportReporter -->
<testsuite skipped="0" hostname="IBM647-PC09E9A7" name="com.training.sanity.tests.LoginTests" tests="1" failures="0" timestamp="10 Mar 2019 07:06:43 GMT" time="33.193" errors="0">
  <testcase name="validLoginTest" time="33.193" classname="com.training.sanity.tests.LoginTests"/>
</testsuite> <!-- com.training.sanity.tests.LoginTests -->
