<?xml version="1.0" encoding="UTF-8"?>
<!-- Generated by org.testng.reporters.JUnitReportReporter -->
<testsuite skipped="0" hostname="IBM647-PC09E9A7" name="com.training.sanity.tests.RETC_037_Test" tests="1" failures="0" timestamp="24 Feb 2019 08:02:36 GMT" time="35.237" errors="0">
  <testcase name="validLoginTest" time="35.237" classname="com.training.sanity.tests.RETC_037_Test"/>
</testsuite> <!-- com.training.sanity.tests.RETC_037_Test -->
