<?xml version="1.0" encoding="UTF-8"?>
<!-- Generated by org.testng.reporters.JUnitReportReporter -->
<testsuite skipped="0" hostname="IBM647-PC09E9A7" name="com.training.sanity.tests.RETC_038_Test" tests="1" failures="0" timestamp="25 Feb 2019 11:53:18 GMT" time="37.440" errors="0">
  <testcase name="validLoginTest" time="37.440" classname="com.training.sanity.tests.RETC_038_Test"/>
</testsuite> <!-- com.training.sanity.tests.RETC_038_Test -->
