<?xml version="1.0" encoding="UTF-8"?>
<!-- Generated by org.testng.reporters.JUnitReportReporter -->
<testsuite skipped="0" hostname="IBM647-PC09E9A7" name="com.training.sanity.tests.RETC_010_Test" tests="1" failures="0" timestamp="23 Feb 2019 08:51:47 GMT" time="28.984" errors="0">
  <testcase name="validLoginTest" time="28.984" classname="com.training.sanity.tests.RETC_010_Test"/>
</testsuite> <!-- com.training.sanity.tests.RETC_010_Test -->
