<?xml version="1.0" encoding="UTF-8"?>
<!-- Generated by org.testng.reporters.JUnitReportReporter -->
<testsuite skipped="0" hostname="IBM647-PC09E9A7" name="com.training.sanity.tests.RETC_009_Test" tests="1" failures="0" timestamp="10 Mar 2019 08:16:18 GMT" time="22.518" errors="0">
  <testcase name="SearchProperty" time="22.518" classname="com.training.sanity.tests.RETC_009_Test"/>
</testsuite> <!-- com.training.sanity.tests.RETC_009_Test -->
